
synthesis -f "OLED_test_scan_impl1_lattice.synproj"
synthesis:  version Diamond (64-bit) 3.8.0.115.3

Copyright (c) 1991-1994 by NeoCAD Inc. All rights reserved.
Copyright (c) 1995 AT&T Corp.   All rights reserved.
Copyright (c) 1995-2001 Lucent Technologies Inc.  All rights reserved.
Copyright (c) 2001 Agere Systems   All rights reserved.
Copyright (c) 2002-2016 Lattice Semiconductor Corporation,  All rights reserved.
Thu Feb 04 20:19:25 2021


Command Line:  synthesis -f OLED_test_scan_impl1_lattice.synproj -gui -msgset C:/Users/Argon/Desktop/program4/promote.xml 

    <postMsg mid="35002000" type="Info"    dynamic="0" navigation="0"  />
Synthesis options:
The -a option is MachXO2.
The -s option is 4.
The -t option is CSBGA132.
The -d option is LCMXO2-4000HC.
Using package CSBGA132.
Using performance grade 4.
                                                          

##########################################################

### Lattice Family : MachXO2

### Device  : LCMXO2-4000HC

### Package : CSBGA132

### Speed   : 4

##########################################################

                                                          

Optimization goal = Balanced
Top-level module name = LCD_RGB.
Target frequency = 200.000000 MHz.
Maximum fanout = 1000.
Timing path count = 3
BRAM utilization = 100.000000 %
DSP usage = true
DSP utilization = 100.000000 %
fsm_encoding_style = auto
resolve_mixed_drivers = 0
fix_gated_clocks = 1

Mux style = Auto
Use Carry Chain = true
carry_chain_length = 0
Loop Limit = 1950.
Use IO Insertion = TRUE
Use IO Reg = AUTO

Resource Sharing = TRUE
Propagate Constants = TRUE
Remove Duplicate Registers = TRUE
force_gsr = auto
ROM style = auto
RAM style = auto
The -comp option is FALSE.
The -syn option is FALSE.
-p C:/Users/Argon/Desktop/program4 (searchpath added)
-p C:/lscc/diamond/3.8_x64/ispfpga/xo2c00/data (searchpath added)
-p C:/Users/Argon/Desktop/program4/impl1 (searchpath added)
-p C:/Users/Argon/Desktop/program4 (searchpath added)
Verilog design file = C:/Users/Argon/Desktop/program4/clock.v
Verilog design file = C:/Users/Argon/Desktop/program4/top.v
NGD file = OLED_test_scan_impl1.ngd
-sdc option: SDC file input not used.
-lpf option: Output file option is ON.
Hardtimer checking is enabled (default). The -dt option is not used.
The -r option is OFF. [ Remove LOC Properties is OFF. ]
Technology check ok...

Analyzing Verilog file C:/lscc/diamond/3.8_x64/ispfpga/userware/NT/SYNTHESIS_HEADERS/machxo2.v. VERI-1482
Compile design.
Compile Design Begin
Analyzing Verilog file c:/users/argon/desktop/program4/clock.v. VERI-1482
Analyzing Verilog file c:/users/argon/desktop/program4/top.v. VERI-1482
Analyzing Verilog file C:/lscc/diamond/3.8_x64/ispfpga/userware/NT/SYNTHESIS_HEADERS/machxo2.v. VERI-1482
Top module name (Verilog): LCD_RGB
    <postMsg mid="35901018" type="Info"    dynamic="2" navigation="2" arg0="c:/users/argon/desktop/program4/top.v(1): " arg1="LCD_RGB" arg2="c:/users/argon/desktop/program4/top.v" arg3="1"  />
    <postMsg mid="35901018" type="Info"    dynamic="2" navigation="2" arg0="c:/users/argon/desktop/program4/clock.v(1): " arg1="divide" arg2="c:/users/argon/desktop/program4/clock.v" arg3="1"  />
Last elaborated design is LCD_RGB()
Loading NGL library 'C:/lscc/diamond/3.8_x64/ispfpga/xo2c00a/data/xo2alib.ngl'...
Loading NGL library 'C:/lscc/diamond/3.8_x64/ispfpga/xo2c00/data/xo2clib.ngl'...
Loading NGL library 'C:/lscc/diamond/3.8_x64/ispfpga/mg5g00/data/mg5glib.ngl'...
Loading NGL library 'C:/lscc/diamond/3.8_x64/ispfpga/or5g00/data/orc5glib.ngl'...
Loading device for application map from file 'xo2c4000.nph' in environment: C:/lscc/diamond/3.8_x64/ispfpga.
Package Status:                     Final          Version 1.44.
Top-level module name = LCD_RGB.



GSR instance connected to net rst_n_in_c.
Applying 200.000000 MHz constraint to all clocks

    <postMsg mid="35001611" type="Warning" dynamic="0" navigation="0"  />
Results of NGD DRC are available in LCD_RGB_drc.log.
Loading NGL library 'C:/lscc/diamond/3.8_x64/ispfpga/xo2c00a/data/xo2alib.ngl'...
Loading NGL library 'C:/lscc/diamond/3.8_x64/ispfpga/xo2c00/data/xo2clib.ngl'...
Loading NGL library 'C:/lscc/diamond/3.8_x64/ispfpga/mg5g00/data/mg5glib.ngl'...
Loading NGL library 'C:/lscc/diamond/3.8_x64/ispfpga/or5g00/data/orc5glib.ngl'...


Running DRC...

DRC complete with no errors or warnings

Design Results:
    167 blocks expanded
completed the first expansion
All blocks are expanded and NGD expansion is successful.
Writing NGD file OLED_test_scan_impl1.ngd.

################### Begin Area Report (LCD_RGB)######################
Number of register bits => 66 of 4635 (1 % )
CCU2D => 65
FD1S3AX => 2
FD1S3IX => 64
GSR => 1
IB => 2
LUT4 => 27
OB => 3
################### End Area Report ##################

################### Begin BlackBox Report ######################
TSALL => 1
################### End BlackBox Report ##################

################### Begin Clock Report ######################
Clock Nets
Number of Clocks: 1
  Net : clk_out_c_c, loads : 67
Clock Enable Nets
Number of Clock Enables: 0
Top 0 highest fanout Clock Enables:
Highest fanout non-clock nets
Top 10 highest fanout non-clock nets:
  Net : divide_1MHz/n128, loads : 32
  Net : divide_1KHz/n127, loads : 32
  Net : divide_1MHz/cnt_p_10, loads : 3
  Net : divide_1MHz/cnt_p_17, loads : 3
  Net : divide_1MHz/cnt_p_1, loads : 3
  Net : divide_1MHz/cnt_p_7, loads : 3
  Net : divide_1MHz/cnt_p_19, loads : 3
  Net : divide_1MHz/cnt_p_11, loads : 3
  Net : divide_1MHz/cnt_p_21, loads : 3
  Net : divide_1MHz/cnt_p_26, loads : 3
################### End Clock Report ##################

Timing Report Summary
--------------
--------------------------------------------------------------------------------
Constraint                              |   Constraint|       Actual|Levels
--------------------------------------------------------------------------------
                                        |             |             |
create_clock -period 5.000000 -name     |             |             |
clk0 [get_nets clk_out_c_c]             |  200.000 MHz|   98.164 MHz|     6 *
                                        |             |             |
--------------------------------------------------------------------------------


1 constraints not met.


Peak Memory Usage: 57.809  MB

--------------------------------------------------------------
Elapsed CPU time for LSE flow : 0.438  secs
--------------------------------------------------------------

map -a "MachXO2" -p LCMXO2-4000HC -t CSBGA132 -s 4 -oc Commercial   "OLED_test_scan_impl1.ngd" -o "OLED_test_scan_impl1_map.ncd" -pr "OLED_test_scan_impl1.prf" -mp "OLED_test_scan_impl1.mrp" -lpf "C:/Users/Argon/Desktop/program4/impl1/OLED_test_scan_impl1.lpf" -lpf "C:/Users/Argon/Desktop/program4/OLED_test_scan.lpf" -c 0            
map:  version Diamond (64-bit) 3.8.0.115.3

Copyright (c) 1991-1994 by NeoCAD Inc. All rights reserved.
Copyright (c) 1995 AT&T Corp.   All rights reserved.
Copyright (c) 1995-2001 Lucent Technologies Inc.  All rights reserved.
Copyright (c) 2001 Agere Systems   All rights reserved.
Copyright (c) 2002-2016 Lattice Semiconductor Corporation,  All rights reserved.
   Process the file: OLED_test_scan_impl1.ngd
   Picdevice="LCMXO2-4000HC"

   Pictype="CSBGA132"

   Picspeed=4

   Remove unused logic

   Do not produce over sized NCDs.

Part used: LCMXO2-4000HCCSBGA132, Performance used: 4.

Loading device for application map from file 'xo2c4000.nph' in environment: C:/lscc/diamond/3.8_x64/ispfpga.
Package Status:                     Final          Version 1.44.

Running general design DRC...

Removing unused logic...

Optimizing...




Design Summary:
   Number of registers:     66 out of  4635 (1%)
      PFU registers:           66 out of  4320 (2%)
      PIO registers:            0 out of   315 (0%)
   Number of SLICEs:        79 out of  2160 (4%)
      SLICEs as Logic/ROM:     79 out of  2160 (4%)
      SLICEs as RAM:            0 out of  1620 (0%)
      SLICEs as Carry:         65 out of  2160 (3%)
   Number of LUT4s:        157 out of  4320 (4%)
      Number used as logic LUTs:         27
      Number used as distributed RAM:     0
      Number used as ripple logic:      130
      Number used as shift registers:     0
   Number of PIO sites used: 5 + 4(JTAG) out of 105 (9%)
   Number of block RAMs:  0 out of 10 (0%)
   Number of GSRs:  1 out of 1 (100%)
   EFB used :       No
   JTAG used :      No
   Readback used :  No
   Oscillator used :  No
   Startup used :   No
   POR :            On
   Bandgap :        On
   Number of Power Controller:  0 out of 1 (0%)
   Number of Dynamic Bank Controller (BCINRD):  0 out of 6 (0%)
   Number of Dynamic Bank Controller (BCLVDSO):  0 out of 1 (0%)
   Number of DCCA:  0 out of 8 (0%)
   Number of DCMA:  0 out of 2 (0%)
   Number of PLLs:  0 out of 2 (0%)
   Number of DQSDLLs:  0 out of 2 (0%)
   Number of CLKDIVC:  0 out of 4 (0%)
   Number of ECLKSYNCA:  0 out of 4 (0%)
   Number of ECLKBRIDGECS:  0 out of 2 (0%)
   Notes:-
      1. Total number of LUT4s = (Number of logic LUT4s) + 2*(Number of distributed RAMs) + 2*(Number of ripple logic)
      2. Number of logic LUT4s does not include count of distributed RAM and ripple logic.
   Number of clocks:  1
     Net clk_out_c_c: 36 loads, 36 rising, 0 falling (Driver: PIO clk_in )
   Number of Clock Enables:  0
   Number of LSRs:  2
     Net divide_1MHz/n128: 17 loads, 17 LSLICEs
     Net divide_1KHz/n127: 17 loads, 17 LSLICEs
   Number of nets driven by tri-state buffers:  0
   Top 10 highest fanout non-clock nets:
     Net divide_1KHz/n127: 17 loads
     Net divide_1MHz/n128: 17 loads
     Net divide_1MHz/cnt_p_1: 3 loads
     Net divide_1MHz/cnt_p_10: 3 loads
     Net divide_1MHz/cnt_p_11: 3 loads
     Net divide_1MHz/cnt_p_12: 3 loads
     Net divide_1MHz/cnt_p_17: 3 loads
     Net divide_1MHz/cnt_p_19: 3 loads
     Net divide_1MHz/cnt_p_21: 3 loads
     Net divide_1MHz/cnt_p_26: 3 loads
 

   Number of warnings:  0
   Number of errors:    0



Total CPU Time: 0 secs  
Total REAL Time: 0 secs  
Peak Memory Usage: 49 MB

Dumping design to file OLED_test_scan_impl1_map.ncd.

ncd2vdb "OLED_test_scan_impl1_map.ncd" ".vdbs/OLED_test_scan_impl1_map.vdb"

Loading device for application ncd2vdb from file 'xo2c4000.nph' in environment: C:/lscc/diamond/3.8_x64/ispfpga.

mpartrce -p "OLED_test_scan_impl1.p2t" -f "OLED_test_scan_impl1.p3t" -tf "OLED_test_scan_impl1.pt" "OLED_test_scan_impl1_map.ncd" "OLED_test_scan_impl1.ncd"

---- MParTrce Tool ----
Removing old design directory at request of -rem command line option to this program.
Running par. Please wait . . .

Lattice Place and Route Report for Design "OLED_test_scan_impl1_map.ncd"
Thu Feb 04 20:19:26 2021

PAR: Place And Route Diamond (64-bit) 3.8.0.115.3.
Command Line: par -w -l 5 -i 6 -t 1 -c 0 -e 0 -gui -msgset C:/Users/Argon/Desktop/program4/promote.xml -exp parUseNBR=1:parCDP=0:parCDR=0:parPathBased=OFF OLED_test_scan_impl1_map.ncd OLED_test_scan_impl1.dir/5_1.ncd OLED_test_scan_impl1.prf
Preference file: OLED_test_scan_impl1.prf.
Placement level-cost: 5-1.
Routing Iterations: 6

Loading design for application par from file OLED_test_scan_impl1_map.ncd.
Design name: LCD_RGB
NCD version: 3.3
Vendor:      LATTICE
Device:      LCMXO2-4000HC
Package:     CSBGA132
Performance: 4
Loading device for application par from file 'xo2c4000.nph' in environment: C:/lscc/diamond/3.8_x64/ispfpga.
Package Status:                     Final          Version 1.44.
Performance Hardware Data Status:   Final          Version 34.4.
License checked out.


Ignore Preference Error(s):  True
Device utilization summary:

   PIO (prelim)    5+4(JTAG)/280     3% used
                   5+4(JTAG)/105     9% bonded

   SLICE             79/2160          3% used

   GSR                1/1           100% used


Number of Signals: 222
Number of Connections: 413

Pin Constraint Summary:
   5 out of 5 pins locked (100% locked).

The following 1 signal is selected to use the primary clock routing resources:
    clk_out_c_c (driver: clk_in, clk load #: 36)

    <postMsg mid="61061008" type="Warning" dynamic="5" navigation="0" arg0="clk_out_c_c" arg1="Primary" arg2="clk_in" arg3="C1" arg4="Primary"  />

The following 2 signals are selected to use the secondary clock routing resources:
    divide_1MHz/n128 (driver: divide_1MHz/SLICE_69, clk load #: 0, sr load #: 17, ce load #: 0)
    divide_1KHz/n127 (driver: divide_1KHz/SLICE_71, clk load #: 0, sr load #: 17, ce load #: 0)

Signal rst_n_in_c is selected as Global Set/Reset.
Starting Placer Phase 0.
..........
Finished Placer Phase 0.  REAL time: 0 secs 

Starting Placer Phase 1.
................
Placer score = 15956.
Finished Placer Phase 1.  REAL time: 5 secs 

Starting Placer Phase 2.
.
Placer score =  15809
Finished Placer Phase 2.  REAL time: 5 secs 


------------------ Clock Report ------------------

Global Clock Resources:
  CLK_PIN    : 0 out of 8 (0%)
  General PIO: 1 out of 280 (0%)
  PLL        : 0 out of 2 (0%)
  DCM        : 0 out of 2 (0%)
  DCC        : 0 out of 8 (0%)

Quadrants All (TL, TR, BL, BR) - Global Clocks:
  PRIMARY "clk_out_c_c" from comp "clk_in" on PIO site "C1 (PL4A)", clk load = 36
  SECONDARY "divide_1MHz/n128" from F0 on comp "divide_1MHz/SLICE_69" on site "R12C15B", clk load = 0, ce load = 0, sr load = 17
  SECONDARY "divide_1KHz/n127" from F0 on comp "divide_1KHz/SLICE_71" on site "R12C17B", clk load = 0, ce load = 0, sr load = 17

  PRIMARY  : 1 out of 8 (12%)
  SECONDARY: 2 out of 8 (25%)

Edge Clocks:
  No edge clock selected.

--------------- End of Clock Report ---------------


I/O Usage Summary (final):
   5 + 4(JTAG) out of 280 (3.2%) PIO sites used.
   5 + 4(JTAG) out of 105 (8.6%) bonded PIO sites used.
   Number of PIO comps: 5; differential: 0.
   Number of Vref pins used: 0.

I/O Bank Usage Summary:
+----------+---------------+------------+-----------+
| I/O Bank | Usage         | Bank Vccio | Bank Vref |
+----------+---------------+------------+-----------+
| 0        | 0 / 26 (  0%) | -          | -         |
| 1        | 4 / 26 ( 15%) | 2.5V       | -         |
| 2        | 0 / 28 (  0%) | -          | -         |
| 3        | 0 / 7 (  0%)  | -          | -         |
| 4        | 0 / 8 (  0%)  | -          | -         |
| 5        | 1 / 10 ( 10%) | 2.5V       | -         |
+----------+---------------+------------+-----------+

Total placer CPU time: 4 secs 

Dumping design to file OLED_test_scan_impl1.dir/5_1.ncd.

0 connections routed; 413 unrouted.
Starting router resource preassignment

Completed router resource preassignment. Real time: 5 secs 

Start NBR router at 20:19:31 02/04/21

*****************************************************************
Info: NBR allows conflicts(one node used by more than one signal)
      in the earlier iterations. In each iteration, it tries to  
      solve the conflicts while keeping the critical connections 
      routed as short as possible. The routing process is said to
      be completed when no conflicts exist and all connections   
      are routed.                                                
Note: NBR uses a different method to calculate timing slacks. The
      worst slack and total negative slack may not be the same as
      that in TRCE report. You should always run TRCE to verify  
      your design.                                               
*****************************************************************

Start NBR special constraint process at 20:19:31 02/04/21

Start NBR section for initial routing at 20:19:31 02/04/21
Level 4, iteration 1
4(0.00%) conflicts; 0(0.00%) untouched conn; 0 (nbr) score; 
Estimated worst slack/total negative slack<setup>: 72.607ns/0.000ns; real time: 6 secs 

Info: Initial congestion level at 75% usage is 0
Info: Initial congestion area  at 75% usage is 0 (0.00%)

Start NBR section for normal routing at 20:19:32 02/04/21
Level 4, iteration 1
1(0.00%) conflict; 0(0.00%) untouched conn; 0 (nbr) score; 
Estimated worst slack/total negative slack<setup>: 72.607ns/0.000ns; real time: 6 secs 
Level 4, iteration 2
0(0.00%) conflict; 0(0.00%) untouched conn; 0 (nbr) score; 
Estimated worst slack/total negative slack<setup>: 72.607ns/0.000ns; real time: 6 secs 

Start NBR section for setup/hold timing optimization with effort level 3 at 20:19:32 02/04/21

Start NBR section for re-routing at 20:19:32 02/04/21
Level 4, iteration 1
0(0.00%) conflict; 0(0.00%) untouched conn; 0 (nbr) score; 
Estimated worst slack/total negative slack<setup>: 72.607ns/0.000ns; real time: 6 secs 

Start NBR section for post-routing at 20:19:32 02/04/21

End NBR router with 0 unrouted connection

NBR Summary
-----------
  Number of unrouted connections : 0 (0.00%)
  Number of connections with timing violations : 0 (0.00%)
  Estimated worst slack<setup> : 72.607ns
  Timing score<setup> : 0
-----------
Notes: The timing info is calculated for SETUP only and all PAR_ADJs are ignored.



Total CPU time 5 secs 
Total REAL time: 6 secs 
Completely routed.
End of route.  413 routed (100.00%); 0 unrouted.

Hold time timing score: 0, hold timing errors: 0

Timing score: 0 

Dumping design to file OLED_test_scan_impl1.dir/5_1.ncd.


PAR_SUMMARY::Run status = completed
PAR_SUMMARY::Number of unrouted conns = 0
PAR_SUMMARY::Worst  slack<setup/<ns>> = 72.607
PAR_SUMMARY::Timing score<setup/<ns>> = 0.000
PAR_SUMMARY::Worst  slack<hold /<ns>> = 0.379
PAR_SUMMARY::Timing score<hold /<ns>> = 0.000
PAR_SUMMARY::Number of errors = 0

Total CPU  time to completion: 6 secs 
Total REAL time to completion: 6 secs 

par done!

Copyright (c) 1991-1994 by NeoCAD Inc. All rights reserved.
Copyright (c) 1995 AT&T Corp.   All rights reserved.
Copyright (c) 1995-2001 Lucent Technologies Inc.  All rights reserved.
Copyright (c) 2001 Agere Systems   All rights reserved.
Copyright (c) 2002-2016 Lattice Semiconductor Corporation,  All rights reserved.
Exiting par with exit code 0
Exiting mpartrce with exit code 0

bitgen -f "OLED_test_scan_impl1.t2b" -w "OLED_test_scan_impl1.ncd" -jedec "OLED_test_scan_impl1.prf"


BITGEN: Bitstream Generator Diamond (64-bit) 3.8.0.115.3
Copyright (c) 1991-1994 by NeoCAD Inc. All rights reserved.
Copyright (c) 1995 AT&T Corp.   All rights reserved.
Copyright (c) 1995-2001 Lucent Technologies Inc.  All rights reserved.
Copyright (c) 2001 Agere Systems   All rights reserved.
Copyright (c) 2002-2016 Lattice Semiconductor Corporation,  All rights reserved.


Loading design for application Bitgen from file OLED_test_scan_impl1.ncd.
Design name: LCD_RGB
NCD version: 3.3
Vendor:      LATTICE
Device:      LCMXO2-4000HC
Package:     CSBGA132
Performance: 4
Loading device for application Bitgen from file 'xo2c4000.nph' in environment: C:/lscc/diamond/3.8_x64/ispfpga.
Package Status:                     Final          Version 1.44.
Performance Hardware Data Status:   Final          Version 34.4.

Running DRC.
DRC detected 0 errors and 0 warnings.
Reading Preference File from OLED_test_scan_impl1.prf.

Preference Summary:
+---------------------------------+---------------------------------+
|  Preference                     |  Current Setting                |
+---------------------------------+---------------------------------+
|                         RamCfg  |                        Reset**  |
+---------------------------------+---------------------------------+
|                     MCCLK_FREQ  |                         2.08**  |
+---------------------------------+---------------------------------+
|                  CONFIG_SECURE  |                          OFF**  |
+---------------------------------+---------------------------------+
|                      JTAG_PORT  |                       ENABLE**  |
+---------------------------------+---------------------------------+
|                       SDM_PORT  |                      DISABLE**  |
+---------------------------------+---------------------------------+
|                 SLAVE_SPI_PORT  |                      DISABLE**  |
+---------------------------------+---------------------------------+
|                MASTER_SPI_PORT  |                      DISABLE**  |
+---------------------------------+---------------------------------+
|                       I2C_PORT  |                      DISABLE**  |
+---------------------------------+---------------------------------+
|        MUX_CONFIGURATION_PORTS  |                      DISABLE**  |
+---------------------------------+---------------------------------+
|                  CONFIGURATION  |                          CFG**  |
+---------------------------------+---------------------------------+
|                COMPRESS_CONFIG  |                           ON**  |
+---------------------------------+---------------------------------+
|                        MY_ASSP  |                          OFF**  |
+---------------------------------+---------------------------------+
|               ONE_TIME_PROGRAM  |                          OFF**  |
+---------------------------------+---------------------------------+
|                 ENABLE_TRANSFR  |                      DISABLE**  |
+---------------------------------+---------------------------------+
|                  SHAREDEBRINIT  |                      DISABLE**  |
+---------------------------------+---------------------------------+
|            BACKGROUND_RECONFIG  |                          OFF**  |
+---------------------------------+---------------------------------+
 *  Default setting.
 ** The specified setting matches the default setting.


Creating bit map...
 
Bitstream Status: Final           Version 1.92.
 
Saving bit stream in "OLED_test_scan_impl1.jed".
 
===========
UFM Summary.
===========
UFM Size:        767 Pages (128*767 Bits).
UFM Utilization: General Purpose Flash Memory.
 
Available General Purpose Flash Memory:  767 Pages (Page 0 to Page 766).
Initialized UFM Pages:                     0 Page.
 
