
synthesis -f "ds18b20_impl1_lattice.synproj"
synthesis:  version Diamond (64-bit) 3.8.0.115.3

Copyright (c) 1991-1994 by NeoCAD Inc. All rights reserved.
Copyright (c) 1995 AT&T Corp.   All rights reserved.
Copyright (c) 1995-2001 Lucent Technologies Inc.  All rights reserved.
Copyright (c) 2001 Agere Systems   All rights reserved.
Copyright (c) 2002-2016 Lattice Semiconductor Corporation,  All rights reserved.
Sat Jan 23 13:30:57 2021


Command Line:  synthesis -f ds18b20_impl1_lattice.synproj -gui 

    <postMsg mid="35002000" type="Info"    dynamic="0" navigation="0"  />
Synthesis options:
The -a option is MachXO2.
The -s option is 4.
The -t option is CSBGA132.
The -d option is LCMXO2-4000HC.
Using package CSBGA132.
Using performance grade 4.
                                                          

##########################################################

### Lattice Family : MachXO2

### Device  : LCMXO2-4000HC

### Package : CSBGA132

### Speed   : 4

##########################################################

                                                          

Optimization goal = Balanced
Top-level module name = top_module.
Target frequency = 1.000000 MHz.
Maximum fanout = 1000.
Timing path count = 3
BRAM utilization = 100.000000 %
DSP usage = true
DSP utilization = 100.000000 %
fsm_encoding_style = auto
resolve_mixed_drivers = 0
fix_gated_clocks = 1

Mux style = Auto
Use Carry Chain = true
carry_chain_length = 0
Loop Limit = 1950.
Use IO Insertion = TRUE
Use IO Reg = AUTO

Resource Sharing = TRUE
Propagate Constants = TRUE
Remove Duplicate Registers = TRUE
force_gsr = auto
ROM style = auto
RAM style = auto
The -comp option is FALSE.
The -syn option is FALSE.
-p C:/Users/Argon/Downloads/step/Proj/4.ds18b20 (searchpath added)
-p C:/lscc/diamond/3.8_x64/ispfpga/xo2c00/data (searchpath added)
-p C:/Users/Argon/Downloads/step/Proj/4.ds18b20/impl1 (searchpath added)
-p C:/Users/Argon/Downloads/step/Proj/4.ds18b20 (searchpath added)
Verilog design file = C:/Users/Argon/Downloads/step/Proj/4.ds18b20/top_module.v
Verilog design file = C:/Users/Argon/Downloads/step/Proj/4.ds18b20/led.v
Verilog design file = C:/Users/Argon/Downloads/step/Proj/4.ds18b20/clock.v
Verilog design file = C:/Users/Argon/Downloads/step/Proj/4.ds18b20/uart.v
Verilog design file = C:/Users/Argon/Downloads/step/Proj/4.ds18b20/ds18b20.v
NGD file = ds18b20_impl1.ngd
-sdc option: SDC file input not used.
-lpf option: Output file option is ON.
Hardtimer checking is enabled (default). The -dt option is not used.
The -r option is OFF. [ Remove LOC Properties is OFF. ]
Technology check ok...

Analyzing Verilog file C:/lscc/diamond/3.8_x64/ispfpga/userware/NT/SYNTHESIS_HEADERS/machxo2.v. VERI-1482
Compile design.
Compile Design Begin
Analyzing Verilog file c:/users/argon/downloads/step/proj/4.ds18b20/top_module.v. VERI-1482
Analyzing Verilog file c:/users/argon/downloads/step/proj/4.ds18b20/led.v. VERI-1482
Analyzing Verilog file c:/users/argon/downloads/step/proj/4.ds18b20/clock.v. VERI-1482
Analyzing Verilog file c:/users/argon/downloads/step/proj/4.ds18b20/uart.v. VERI-1482
Analyzing Verilog file c:/users/argon/downloads/step/proj/4.ds18b20/ds18b20.v. VERI-1482
Analyzing Verilog file C:/lscc/diamond/3.8_x64/ispfpga/userware/NT/SYNTHESIS_HEADERS/machxo2.v. VERI-1482
Top module name (Verilog): top_module
    <postMsg mid="35901018" type="Info"    dynamic="2" navigation="2" arg0="c:/users/argon/downloads/step/proj/4.ds18b20/top_module.v(1): " arg1="top_module" arg2="c:/users/argon/downloads/step/proj/4.ds18b20/top_module.v" arg3="1"  />
    <postMsg mid="35901018" type="Info"    dynamic="2" navigation="2" arg0="c:/users/argon/downloads/step/proj/4.ds18b20/clock.v(1): " arg1="clock_1s" arg2="c:/users/argon/downloads/step/proj/4.ds18b20/clock.v" arg3="1"  />
    <postMsg mid="35901018" type="Info"    dynamic="2" navigation="2" arg0="c:/users/argon/downloads/step/proj/4.ds18b20/led.v(1): " arg1="blink" arg2="c:/users/argon/downloads/step/proj/4.ds18b20/led.v" arg3="1"  />
    <postMsg mid="35901018" type="Info"    dynamic="2" navigation="2" arg0="c:/users/argon/downloads/step/proj/4.ds18b20/uart.v(1): " arg1="uart_send" arg2="c:/users/argon/downloads/step/proj/4.ds18b20/uart.v" arg3="1"  />
    <postMsg mid="35901018" type="Info"    dynamic="2" navigation="2" arg0="c:/users/argon/downloads/step/proj/4.ds18b20/ds18b20.v(18): " arg1="DS18B20Z" arg2="c:/users/argon/downloads/step/proj/4.ds18b20/ds18b20.v" arg3="18"  />
Last elaborated design is top_module()
Loading NGL library 'C:/lscc/diamond/3.8_x64/ispfpga/xo2c00a/data/xo2alib.ngl'...
Loading NGL library 'C:/lscc/diamond/3.8_x64/ispfpga/xo2c00/data/xo2clib.ngl'...
Loading NGL library 'C:/lscc/diamond/3.8_x64/ispfpga/mg5g00/data/mg5glib.ngl'...
Loading NGL library 'C:/lscc/diamond/3.8_x64/ispfpga/or5g00/data/orc5glib.ngl'...
Loading device for application map from file 'xo2c4000.nph' in environment: C:/lscc/diamond/3.8_x64/ispfpga.
Package Status:                     Final          Version 1.44.
Top-level module name = top_module.
    <postMsg mid="35001774" type="Info"    dynamic="2" navigation="0" arg0="\u_uart_send/tx_cnt" arg1="one-hot"  />
State machine has 16 reachable states with original encodings of:

 0000 

 0001 

 0010 

 0011 

 0100 

 0101 

 0110 

 0111 

 1000 

 1001 

 1010 

 1011 

 1100 

 1101 

 1110 

 1111 

original encoding -> new encoding (one-hot encoding)

 0000 -> 0000000000000001

 0001 -> 0000000000000010

 0010 -> 0000000000000100

 0011 -> 0000000000001000

 0100 -> 0000000000010000

 0101 -> 0000000000100000

 0110 -> 0000000001000000

 0111 -> 0000000010000000

 1000 -> 0000000100000000

 1001 -> 0000001000000000

 1010 -> 0000010000000000

 1011 -> 0000100000000000

 1100 -> 0001000000000000

 1101 -> 0010000000000000

 1110 -> 0100000000000000

 1111 -> 1000000000000000




    <postMsg mid="35935013" type="Warning" dynamic="2" navigation="2" arg0="c:/users/argon/downloads/step/proj/4.ds18b20/top_module.v(81): " arg1="Temp_H_i7" arg2="c:/users/argon/downloads/step/proj/4.ds18b20/top_module.v" arg3="81"  />
    <postMsg mid="35935013" type="Warning" dynamic="2" navigation="2" arg0="c:/users/argon/downloads/step/proj/4.ds18b20/ds18b20.v(263): " arg1="\u_DS18B20Z/data_wr_i0_i0" arg2="c:/users/argon/downloads/step/proj/4.ds18b20/ds18b20.v" arg3="263"  />
    <postMsg mid="35935013" type="Warning" dynamic="2" navigation="2" arg0="c:/users/argon/downloads/step/proj/4.ds18b20/uart.v(66): " arg1="\u_uart_send/tx_data_i7" arg2="c:/users/argon/downloads/step/proj/4.ds18b20/uart.v" arg3="66"  />
    <postMsg mid="35935014" type="Warning" dynamic="2" navigation="2" arg0="c:/users/argon/downloads/step/proj/4.ds18b20/ds18b20.v(263): " arg1="\u_DS18B20Z/data_wr_i0_i2" arg2="c:/users/argon/downloads/step/proj/4.ds18b20/ds18b20.v" arg3="263"  />
GSR instance connected to net sys_rst_c.
Duplicate register/latch removal. \u_DS18B20Z/num_delay_i0_i19 is a one-to-one match with \u_DS18B20Z/num_delay_i0_i17.
Duplicate register/latch removal. \u_DS18B20Z/num_delay_i0_i16 is a one-to-one match with \u_DS18B20Z/num_delay_i0_i19.
Duplicate register/latch removal. \u_DS18B20Z/num_delay_i0_i14 is a one-to-one match with \u_DS18B20Z/num_delay_i0_i16.
Duplicate register/latch removal. \u_DS18B20Z/num_delay_i0_i13 is a one-to-one match with \u_DS18B20Z/num_delay_i0_i14.
Duplicate register/latch removal. \u_DS18B20Z/num_delay_i0_i12 is a one-to-one match with \u_DS18B20Z/num_delay_i0_i13.
Duplicate register/latch removal. \u_DS18B20Z/num_delay_i0_i8 is a one-to-one match with \u_DS18B20Z/num_delay_i0_i7.
Duplicate register/latch removal. \u_DS18B20Z/data_wr_i0_i1 is a one-to-one match with \u_DS18B20Z/data_wr_i0_i4.
Duplicate register/latch removal. \u_DS18B20Z/data_wr_i0_i3 is a one-to-one match with \u_DS18B20Z/data_wr_i0_i7.
Duplicate register/latch removal. \u_DS18B20Z/data_wr_i0_i5 is a one-to-one match with \u_DS18B20Z/data_wr_i0_i1.
Duplicate register/latch removal. \u_DS18B20Z/data_wr_buffer_i0_i1 is a one-to-one match with \u_DS18B20Z/data_wr_buffer_i0_i5.
Duplicate register/latch removal. \u_DS18B20Z/data_wr_buffer_i0_i3 is a one-to-one match with \u_DS18B20Z/data_wr_buffer_i0_i7.
Duplicate register/latch removal. \u_DS18B20Z/data_wr_buffer_i0_i4 is a one-to-one match with \u_DS18B20Z/data_wr_buffer_i0_i1.
Applying 1.000000 MHz constraint to all clocks

    <postMsg mid="35001611" type="Warning" dynamic="0" navigation="0"  />
Results of NGD DRC are available in top_module_drc.log.
Loading NGL library 'C:/lscc/diamond/3.8_x64/ispfpga/xo2c00a/data/xo2alib.ngl'...
Loading NGL library 'C:/lscc/diamond/3.8_x64/ispfpga/xo2c00/data/xo2clib.ngl'...
Loading NGL library 'C:/lscc/diamond/3.8_x64/ispfpga/mg5g00/data/mg5glib.ngl'...
Loading NGL library 'C:/lscc/diamond/3.8_x64/ispfpga/or5g00/data/orc5glib.ngl'...


Running DRC...

DRC complete with no errors or warnings

Design Results:
    541 blocks expanded
completed the first expansion
All blocks are expanded and NGD expansion is successful.
Writing NGD file ds18b20_impl1.ngd.

################### Begin Area Report (top_module)######################
Number of register bits => 179 of 4635 (3 % )
BB => 1
CCU2D => 60
FD1P3AX => 81
FD1P3IX => 30
FD1P3JX => 2
FD1S3AX => 14
FD1S3AY => 1
FD1S3IX => 51
GSR => 1
IB => 2
L6MUX21 => 3
LUT4 => 271
OB => 2
PFUMX => 19
################### End Area Report ##################

################### Begin BlackBox Report ######################
TSALL => 1
################### End BlackBox Report ##################

################### Begin Clock Report ######################
Clock Nets
Number of Clocks: 2
  Net : sys_clk_c, loads : 177
  Net : u_DS18B20Z/clk_1mhz, loads : 12
Clock Enable Nets
Number of Clock Enables: 36
Top 10 highest fanout Clock Enables:
  Net : u_DS18B20Z/sys_clk_c_enable_72, loads : 20
  Net : u_uart_send/sys_clk_c_enable_105, loads : 16
  Net : sys_clk_c_enable_86, loads : 7
  Net : u_DS18B20Z/sys_clk_c_enable_44, loads : 7
  Net : u_DS18B20Z/sys_clk_c_enable_34, loads : 6
  Net : u_DS18B20Z/sys_clk_c_enable_53, loads : 6
  Net : u_DS18B20Z/sys_clk_c_enable_89, loads : 5
  Net : u_DS18B20Z/sys_clk_c_enable_77, loads : 4
  Net : u_DS18B20Z/sys_clk_c_enable_47, loads : 3
  Net : u_DS18B20Z/sys_clk_c_enable_33, loads : 3
Highest fanout non-clock nets
Top 10 highest fanout non-clock nets:
  Net : u_DS18B20Z/state_back_2_N_286_2, loads : 70
  Net : u_DS18B20Z/state_1, loads : 53
  Net : u_DS18B20Z/state_0, loads : 52
  Net : u_clock_1s/clk_cnt_31__N_92, loads : 33
  Net : u_DS18B20Z/cnt_write_0, loads : 32
  Net : u_DS18B20Z/cnt_write_4, loads : 25
  Net : u_DS18B20Z/n261, loads : 23
  Net : u_DS18B20Z/cnt_write_1, loads : 22
  Net : u_DS18B20Z/cnt_write_2, loads : 22
  Net : u_DS18B20Z/cnt_write_3, loads : 21
################### End Clock Report ##################

Timing Report Summary
--------------
--------------------------------------------------------------------------------
Constraint                              |   Constraint|       Actual|Levels
--------------------------------------------------------------------------------
                                        |             |             |
create_clock -period 1000.000000 -name  |             |             |
clk1 [get_nets \u_DS18B20Z/clk_1mhz]    |            -|            -|     0  
                                        |             |             |
create_clock -period 1000.000000 -name  |             |             |
clk0 [get_nets sys_clk_c]               |    1.000 MHz|   83.174 MHz|     7  
                                        |             |             |
--------------------------------------------------------------------------------


All constraints were met.


Peak Memory Usage: 69.367  MB

--------------------------------------------------------------
Elapsed CPU time for LSE flow : 1.438  secs
--------------------------------------------------------------

map -a "MachXO2" -p LCMXO2-4000HC -t CSBGA132 -s 4 -oc Commercial   "ds18b20_impl1.ngd" -o "ds18b20_impl1_map.ncd" -pr "ds18b20_impl1.prf" -mp "ds18b20_impl1.mrp" -lpf "C:/Users/Argon/Downloads/step/Proj/4.ds18b20/impl1/ds18b20_impl1.lpf" -lpf "C:/Users/Argon/Downloads/step/Proj/4.ds18b20/ds18b20.lpf" -c 0            
map:  version Diamond (64-bit) 3.8.0.115.3

Copyright (c) 1991-1994 by NeoCAD Inc. All rights reserved.
Copyright (c) 1995 AT&T Corp.   All rights reserved.
Copyright (c) 1995-2001 Lucent Technologies Inc.  All rights reserved.
Copyright (c) 2001 Agere Systems   All rights reserved.
Copyright (c) 2002-2016 Lattice Semiconductor Corporation,  All rights reserved.
   Process the file: ds18b20_impl1.ngd
   Picdevice="LCMXO2-4000HC"

   Pictype="CSBGA132"

   Picspeed=4

   Remove unused logic

   Do not produce over sized NCDs.

Part used: LCMXO2-4000HCCSBGA132, Performance used: 4.

Loading device for application map from file 'xo2c4000.nph' in environment: C:/lscc/diamond/3.8_x64/ispfpga.
Package Status:                     Final          Version 1.44.

Running general design DRC...

Removing unused logic...

Optimizing...




Design Summary:
   Number of registers:    179 out of  4635 (4%)
      PFU registers:          179 out of  4320 (4%)
      PIO registers:            0 out of   315 (0%)
   Number of SLICEs:       197 out of  2160 (9%)
      SLICEs as Logic/ROM:    197 out of  2160 (9%)
      SLICEs as RAM:            0 out of  1620 (0%)
      SLICEs as Carry:         60 out of  2160 (3%)
   Number of LUT4s:        391 out of  4320 (9%)
      Number used as logic LUTs:        271
      Number used as distributed RAM:     0
      Number used as ripple logic:      120
      Number used as shift registers:     0
   Number of PIO sites used: 5 + 4(JTAG) out of 105 (9%)
   Number of block RAMs:  0 out of 10 (0%)
   Number of GSRs:  1 out of 1 (100%)
   EFB used :       No
   JTAG used :      No
   Readback used :  No
   Oscillator used :  No
   Startup used :   No
   POR :            On
   Bandgap :        On
   Number of Power Controller:  0 out of 1 (0%)
   Number of Dynamic Bank Controller (BCINRD):  0 out of 6 (0%)
   Number of Dynamic Bank Controller (BCLVDSO):  0 out of 1 (0%)
   Number of DCCA:  0 out of 8 (0%)
   Number of DCMA:  0 out of 2 (0%)
   Number of PLLs:  0 out of 2 (0%)
   Number of DQSDLLs:  0 out of 2 (0%)
   Number of CLKDIVC:  0 out of 4 (0%)
   Number of ECLKSYNCA:  0 out of 4 (0%)
   Number of ECLKBRIDGECS:  0 out of 2 (0%)
   Notes:-
      1. Total number of LUT4s = (Number of logic LUT4s) + 2*(Number of distributed RAMs) + 2*(Number of ripple logic)
      2. Number of logic LUT4s does not include count of distributed RAM and ripple logic.
   Number of clocks:  2
     Net sys_clk_c: 108 loads, 108 rising, 0 falling (Driver: PIO sys_clk )
     Net u_DS18B20Z/clk_1mhz: 2 loads, 2 rising, 0 falling (Driver: u_DS18B20Z/clk_1mhz_112 )
   Number of Clock Enables:  36
     Net clk_1s: 4 loads, 4 LSLICEs
     Net sys_clk_c_enable_86: 4 loads, 4 LSLICEs
     Net u_DS18B20Z/sys_clk_c_enable_1: 1 loads, 1 LSLICEs
     Net u_DS18B20Z/sys_clk_c_enable_72: 10 loads, 10 LSLICEs
     Net u_DS18B20Z/one_wire_N_443: 1 loads, 1 LSLICEs
     Net u_DS18B20Z/sys_clk_c_enable_33: 2 loads, 2 LSLICEs
     Net u_DS18B20Z/sys_clk_c_enable_27: 1 loads, 1 LSLICEs
     Net u_DS18B20Z/sys_clk_c_enable_6: 1 loads, 1 LSLICEs
     Net u_DS18B20Z/sys_clk_c_enable_7: 1 loads, 1 LSLICEs
     Net u_DS18B20Z/sys_clk_c_enable_8: 1 loads, 1 LSLICEs
     Net u_DS18B20Z/sys_clk_c_enable_9: 1 loads, 1 LSLICEs
     Net u_DS18B20Z/sys_clk_c_enable_10: 1 loads, 1 LSLICEs
     Net u_DS18B20Z/sys_clk_c_enable_34: 3 loads, 3 LSLICEs
     Net u_DS18B20Z/sys_clk_c_enable_16: 1 loads, 1 LSLICEs
     Net u_DS18B20Z/sys_clk_c_enable_17: 1 loads, 1 LSLICEs
     Net u_DS18B20Z/sys_clk_c_enable_18: 1 loads, 1 LSLICEs
     Net u_DS18B20Z/sys_clk_c_enable_19: 1 loads, 1 LSLICEs
     Net u_DS18B20Z/sys_clk_c_enable_20: 1 loads, 1 LSLICEs
     Net u_DS18B20Z/sys_clk_c_enable_21: 1 loads, 1 LSLICEs
     Net u_DS18B20Z/sys_clk_c_enable_22: 1 loads, 1 LSLICEs
     Net u_DS18B20Z/sys_clk_c_enable_23: 1 loads, 1 LSLICEs
     Net u_DS18B20Z/sys_clk_c_enable_89: 2 loads, 2 LSLICEs
     Net u_DS18B20Z/sys_clk_c_enable_28: 1 loads, 1 LSLICEs
     Net u_DS18B20Z/sys_clk_c_enable_88: 2 loads, 2 LSLICEs
     Net u_DS18B20Z/sys_clk_c_enable_30: 1 loads, 1 LSLICEs
     Net u_DS18B20Z/sys_clk_c_enable_31: 1 loads, 1 LSLICEs
     Net u_DS18B20Z/sys_clk_c_enable_37: 2 loads, 2 LSLICEs
     Net u_DS18B20Z/sys_clk_c_enable_44: 4 loads, 4 LSLICEs
     Net u_DS18B20Z/sys_clk_c_enable_47: 2 loads, 2 LSLICEs
     Net u_DS18B20Z/sys_clk_c_enable_53: 3 loads, 3 LSLICEs
     Net u_DS18B20Z/sys_clk_c_enable_77: 2 loads, 2 LSLICEs
     Net u_DS18B20Z/sys_clk_c_enable_74: 1 loads, 1 LSLICEs
     Net u_DS18B20Z/sys_clk_c_enable_80: 2 loads, 2 LSLICEs
     Net u_DS18B20Z/sys_clk_c_enable_90: 1 loads, 1 LSLICEs
     Net u_uart_send/sys_clk_c_enable_105: 8 loads, 8 LSLICEs
     Net u_uart_send/sys_clk_c_enable_87: 1 loads, 1 LSLICEs
   Number of LSRs:  8
     Net u_DS18B20Z/n11352: 2 loads, 2 LSLICEs
     Net u_DS18B20Z/n7897: 2 loads, 2 LSLICEs
     Net u_DS18B20Z/n7893: 3 loads, 3 LSLICEs
     Net u_DS18B20Z/n7882: 2 loads, 2 LSLICEs
     Net u_DS18B20Z/n10457: 2 loads, 2 LSLICEs
     Net u_uart_send/uart_tx_busy: 9 loads, 9 LSLICEs
     Net u_uart_send/n7875: 9 loads, 9 LSLICEs
     Net u_clock_1s/clk_cnt_31__N_92: 17 loads, 17 LSLICEs
   Number of nets driven by tri-state buffers:  0
   Top 10 highest fanout non-clock nets:
     Net u_DS18B20Z/state_back_2_N_286_2: 70 loads
     Net u_DS18B20Z/state_1: 53 loads
     Net u_DS18B20Z/state_0: 52 loads
     Net u_DS18B20Z/cnt_write_0: 32 loads
     Net u_DS18B20Z/cnt_write_4: 25 loads
     Net u_DS18B20Z/n261: 23 loads
     Net u_DS18B20Z/cnt_write_1: 22 loads
     Net u_DS18B20Z/cnt_write_2: 22 loads
     Net u_DS18B20Z/cnt_write_3: 21 loads
     Net u_DS18B20Z/cnt_read_1: 20 loads
 

   Number of warnings:  0
   Number of errors:    0



Total CPU Time: 0 secs  
Total REAL Time: 0 secs  
Peak Memory Usage: 51 MB

Dumping design to file ds18b20_impl1_map.ncd.

ncd2vdb "ds18b20_impl1_map.ncd" ".vdbs/ds18b20_impl1_map.vdb"

Loading device for application ncd2vdb from file 'xo2c4000.nph' in environment: C:/lscc/diamond/3.8_x64/ispfpga.

mpartrce -p "ds18b20_impl1.p2t" -f "ds18b20_impl1.p3t" -tf "ds18b20_impl1.pt" "ds18b20_impl1_map.ncd" "ds18b20_impl1.ncd"

---- MParTrce Tool ----
Removing old design directory at request of -rem command line option to this program.
Running par. Please wait . . .

Lattice Place and Route Report for Design "ds18b20_impl1_map.ncd"
Sat Jan 23 13:30:59 2021

PAR: Place And Route Diamond (64-bit) 3.8.0.115.3.
Command Line: par -w -l 5 -i 6 -t 1 -c 0 -e 0 -gui -exp parUseNBR=1:parCDP=0:parCDR=0:parPathBased=OFF ds18b20_impl1_map.ncd ds18b20_impl1.dir/5_1.ncd ds18b20_impl1.prf
Preference file: ds18b20_impl1.prf.
Placement level-cost: 5-1.
Routing Iterations: 6

Loading design for application par from file ds18b20_impl1_map.ncd.
Design name: top_module
NCD version: 3.3
Vendor:      LATTICE
Device:      LCMXO2-4000HC
Package:     CSBGA132
Performance: 4
Loading device for application par from file 'xo2c4000.nph' in environment: C:/lscc/diamond/3.8_x64/ispfpga.
Package Status:                     Final          Version 1.44.
Performance Hardware Data Status:   Final          Version 34.4.
License checked out.


Ignore Preference Error(s):  True
Device utilization summary:

   PIO (prelim)    5+4(JTAG)/280     3% used
                   5+4(JTAG)/105     9% bonded

   SLICE            197/2160          9% used

   GSR                1/1           100% used


Number of Signals: 564
Number of Connections: 1546

Pin Constraint Summary:
   5 out of 5 pins locked (100% locked).

The following 1 signal is selected to use the primary clock routing resources:
    sys_clk_c (driver: sys_clk, clk load #: 108)

    <postMsg mid="61061008" type="Warning" dynamic="5" navigation="0" arg0="sys_clk_c" arg1="Primary" arg2="sys_clk" arg3="C1" arg4="Primary"  />

The following 2 signals are selected to use the secondary clock routing resources:
    u_clock_1s/clk_cnt_31__N_92 (driver: u_clock_1s/SLICE_48, clk load #: 0, sr load #: 17, ce load #: 0)
    u_DS18B20Z/sys_clk_c_enable_72 (driver: u_DS18B20Z/SLICE_109, clk load #: 0, sr load #: 0, ce load #: 10)

Signal sys_rst_c is selected as Global Set/Reset.
Starting Placer Phase 0.
...........
Finished Placer Phase 0.  REAL time: 0 secs 

Starting Placer Phase 1.
...................
Placer score = 57105.
Finished Placer Phase 1.  REAL time: 2 secs 

Starting Placer Phase 2.
.
Placer score =  56956
Finished Placer Phase 2.  REAL time: 2 secs 


------------------ Clock Report ------------------

Global Clock Resources:
  CLK_PIN    : 0 out of 8 (0%)
  General PIO: 1 out of 280 (0%)
  PLL        : 0 out of 2 (0%)
  DCM        : 0 out of 2 (0%)
  DCC        : 0 out of 8 (0%)

Quadrants All (TL, TR, BL, BR) - Global Clocks:
  PRIMARY "sys_clk_c" from comp "sys_clk" on PIO site "C1 (PL4A)", clk load = 108
  SECONDARY "u_clock_1s/clk_cnt_31__N_92" from F1 on comp "u_clock_1s/SLICE_48" on site "R13C17D", clk load = 0, ce load = 0, sr load = 17
  SECONDARY "u_DS18B20Z/sys_clk_c_enable_72" from F1 on comp "u_DS18B20Z/SLICE_109" on site "R12C17D", clk load = 0, ce load = 10, sr load = 0

  PRIMARY  : 1 out of 8 (12%)
  SECONDARY: 2 out of 8 (25%)

Edge Clocks:
  No edge clock selected.

--------------- End of Clock Report ---------------


I/O Usage Summary (final):
   5 + 4(JTAG) out of 280 (3.2%) PIO sites used.
   5 + 4(JTAG) out of 105 (8.6%) bonded PIO sites used.
   Number of PIO comps: 5; differential: 0.
   Number of Vref pins used: 0.

I/O Bank Usage Summary:
+----------+---------------+------------+-----------+
| I/O Bank | Usage         | Bank Vccio | Bank Vref |
+----------+---------------+------------+-----------+
| 0        | 1 / 26 (  3%) | 2.5V       | -         |
| 1        | 2 / 26 (  7%) | 2.5V       | -         |
| 2        | 1 / 28 (  3%) | 2.5V       | -         |
| 3        | 0 / 7 (  0%)  | -          | -         |
| 4        | 0 / 8 (  0%)  | -          | -         |
| 5        | 1 / 10 ( 10%) | 2.5V       | -         |
+----------+---------------+------------+-----------+

Total placer CPU time: 1 secs 

Dumping design to file ds18b20_impl1.dir/5_1.ncd.


-----------------------------------------------------------------
INFO - par: ASE feature is off due to non timing-driven settings.  
-----------------------------------------------------------------

0 connections routed; 1546 unrouted.
Starting router resource preassignment

    <postMsg mid="66011008" type="Warning" dynamic="1" navigation="0" arg0="&#xA;   Signal=u_DS18B20Z/clk_1mhz loads=12 clock_loads=2"  />

Completed router resource preassignment. Real time: 3 secs 

Start NBR router at 13:31:02 01/23/21

*****************************************************************
Info: NBR allows conflicts(one node used by more than one signal)
      in the earlier iterations. In each iteration, it tries to  
      solve the conflicts while keeping the critical connections 
      routed as short as possible. The routing process is said to
      be completed when no conflicts exist and all connections   
      are routed.                                                
Note: NBR uses a different method to calculate timing slacks. The
      worst slack and total negative slack may not be the same as
      that in TRCE report. You should always run TRCE to verify  
      your design.                                               
*****************************************************************

Start NBR special constraint process at 13:31:02 01/23/21

Start NBR section for initial routing at 13:31:02 01/23/21
Level 4, iteration 1
30(0.01%) conflicts; 0(0.00%) untouched conn; 0 (nbr) score; real time: 3 secs 

Info: Initial congestion level at 75% usage is 0
Info: Initial congestion area  at 75% usage is 0 (0.00%)

Start NBR section for normal routing at 13:31:02 01/23/21
Level 4, iteration 1
5(0.00%) conflicts; 0(0.00%) untouched conn; 0 (nbr) score; real time: 3 secs 
Level 4, iteration 2
2(0.00%) conflicts; 0(0.00%) untouched conn; 0 (nbr) score; real time: 3 secs 
Level 4, iteration 3
0(0.00%) conflict; 0(0.00%) untouched conn; 0 (nbr) score; real time: 3 secs 

Start NBR section for re-routing at 13:31:02 01/23/21
Level 4, iteration 1
0(0.00%) conflict; 0(0.00%) untouched conn; 0 (nbr) score; real time: 3 secs 

Start NBR section for post-routing at 13:31:02 01/23/21

End NBR router with 0 unrouted connection

NBR Summary
-----------
  Number of unrouted connections : 0 (0.00%)
  Number of connections with timing violations : 0 (0.00%)
  Estimated worst slack<setup> : <n/a>
  Timing score<setup> : 0
-----------
Notes: The timing info is calculated for SETUP only and all PAR_ADJs are ignored.



    <postMsg mid="66011008" type="Warning" dynamic="1" navigation="0" arg0="&#xA;   Signal=u_DS18B20Z/clk_1mhz loads=12 clock_loads=2"  />

Total CPU time 2 secs 
Total REAL time: 3 secs 
Completely routed.
End of route.  1546 routed (100.00%); 0 unrouted.

Hold time timing score: 0, hold timing errors: 0

Timing score: 0 

Dumping design to file ds18b20_impl1.dir/5_1.ncd.


PAR_SUMMARY::Run status = completed
PAR_SUMMARY::Number of unrouted conns = 0
PAR_SUMMARY::Worst  slack<setup/<ns>> = <n/a>
PAR_SUMMARY::Timing score<setup/<ns>> = <n/a>
PAR_SUMMARY::Worst  slack<hold /<ns>> = <n/a>
PAR_SUMMARY::Timing score<hold /<ns>> = <n/a>
PAR_SUMMARY::Number of errors = 0

Total CPU  time to completion: 2 secs 
Total REAL time to completion: 3 secs 

par done!

Copyright (c) 1991-1994 by NeoCAD Inc. All rights reserved.
Copyright (c) 1995 AT&T Corp.   All rights reserved.
Copyright (c) 1995-2001 Lucent Technologies Inc.  All rights reserved.
Copyright (c) 2001 Agere Systems   All rights reserved.
Copyright (c) 2002-2016 Lattice Semiconductor Corporation,  All rights reserved.
Exiting par with exit code 0
Exiting mpartrce with exit code 0

bitgen -f "ds18b20_impl1.t2b" -w "ds18b20_impl1.ncd" -jedec "ds18b20_impl1.prf"


BITGEN: Bitstream Generator Diamond (64-bit) 3.8.0.115.3
Copyright (c) 1991-1994 by NeoCAD Inc. All rights reserved.
Copyright (c) 1995 AT&T Corp.   All rights reserved.
Copyright (c) 1995-2001 Lucent Technologies Inc.  All rights reserved.
Copyright (c) 2001 Agere Systems   All rights reserved.
Copyright (c) 2002-2016 Lattice Semiconductor Corporation,  All rights reserved.


Loading design for application Bitgen from file ds18b20_impl1.ncd.
Design name: top_module
NCD version: 3.3
Vendor:      LATTICE
Device:      LCMXO2-4000HC
Package:     CSBGA132
Performance: 4
Loading device for application Bitgen from file 'xo2c4000.nph' in environment: C:/lscc/diamond/3.8_x64/ispfpga.
Package Status:                     Final          Version 1.44.
Performance Hardware Data Status:   Final          Version 34.4.

Running DRC.
DRC detected 0 errors and 0 warnings.
Reading Preference File from ds18b20_impl1.prf.

Preference Summary:
+---------------------------------+---------------------------------+
|  Preference                     |  Current Setting                |
+---------------------------------+---------------------------------+
|                         RamCfg  |                        Reset**  |
+---------------------------------+---------------------------------+
|                     MCCLK_FREQ  |                         2.08**  |
+---------------------------------+---------------------------------+
|                  CONFIG_SECURE  |                          OFF**  |
+---------------------------------+---------------------------------+
|                      JTAG_PORT  |                       ENABLE**  |
+---------------------------------+---------------------------------+
|                       SDM_PORT  |                      DISABLE**  |
+---------------------------------+---------------------------------+
|                 SLAVE_SPI_PORT  |                      DISABLE**  |
+---------------------------------+---------------------------------+
|                MASTER_SPI_PORT  |                      DISABLE**  |
+---------------------------------+---------------------------------+
|                       I2C_PORT  |                      DISABLE**  |
+---------------------------------+---------------------------------+
|        MUX_CONFIGURATION_PORTS  |                      DISABLE**  |
+---------------------------------+---------------------------------+
|                  CONFIGURATION  |                          CFG**  |
+---------------------------------+---------------------------------+
|                COMPRESS_CONFIG  |                           ON**  |
+---------------------------------+---------------------------------+
|                        MY_ASSP  |                          OFF**  |
+---------------------------------+---------------------------------+
|               ONE_TIME_PROGRAM  |                          OFF**  |
+---------------------------------+---------------------------------+
|                 ENABLE_TRANSFR  |                      DISABLE**  |
+---------------------------------+---------------------------------+
|                  SHAREDEBRINIT  |                      DISABLE**  |
+---------------------------------+---------------------------------+
|            BACKGROUND_RECONFIG  |                          OFF**  |
+---------------------------------+---------------------------------+
 *  Default setting.
 ** The specified setting matches the default setting.


Creating bit map...
 
Bitstream Status: Final           Version 1.92.
 
Saving bit stream in "ds18b20_impl1.jed".
 
===========
UFM Summary.
===========
UFM Size:        767 Pages (128*767 Bits).
UFM Utilization: General Purpose Flash Memory.
 
Available General Purpose Flash Memory:  767 Pages (Page 0 to Page 766).
Initialized UFM Pages:                     0 Page.
 
