
synthesis -f "music_player_impl1_lattice.synproj"
synthesis:  version Diamond (64-bit) 3.8.0.115.3

Copyright (c) 1991-1994 by NeoCAD Inc. All rights reserved.
Copyright (c) 1995 AT&T Corp.   All rights reserved.
Copyright (c) 1995-2001 Lucent Technologies Inc.  All rights reserved.
Copyright (c) 2001 Agere Systems   All rights reserved.
Copyright (c) 2002-2016 Lattice Semiconductor Corporation,  All rights reserved.
Sun Feb 21 00:23:47 2021


Command Line:  synthesis -f music_player_impl1_lattice.synproj -gui 

    <postMsg mid="35002000" type="Info"    dynamic="0" navigation="0"  />
Synthesis options:
The -a option is MachXO2.
The -s option is 4.
The -t option is CSBGA132.
The -d option is LCMXO2-4000HC.
Using package CSBGA132.
Using performance grade 4.
                                                          

##########################################################

### Lattice Family : MachXO2

### Device  : LCMXO2-4000HC

### Package : CSBGA132

### Speed   : 4

##########################################################

                                                          

Optimization goal = Balanced
Top-level module name = top.
Target frequency = 1.000000 MHz.
Maximum fanout = 1000.
Timing path count = 3
BRAM utilization = 100.000000 %
DSP usage = true
DSP utilization = 100.000000 %
fsm_encoding_style = auto
resolve_mixed_drivers = 0
fix_gated_clocks = 1

Mux style = Auto
Use Carry Chain = true
carry_chain_length = 0
Loop Limit = 1950.
Use IO Insertion = TRUE
Use IO Reg = AUTO

Resource Sharing = TRUE
Propagate Constants = TRUE
Remove Duplicate Registers = TRUE
force_gsr = auto
ROM style = auto
RAM style = auto
The -comp option is FALSE.
The -syn option is FALSE.
-p C:/Users/Argon/Desktop/Verilog/music_uart_player (searchpath added)
-p C:/lscc/diamond/3.8_x64/ispfpga/xo2c00/data (searchpath added)
-p C:/Users/Argon/Desktop/Verilog/music_uart_player/impl1 (searchpath added)
-p C:/Users/Argon/Desktop/Verilog/music_uart_player (searchpath added)
Verilog design file = C:/Users/Argon/Desktop/Verilog/music_uart_player/Top.v
Verilog design file = C:/Users/Argon/Desktop/Verilog/music_uart_player/uart_send.v
Verilog design file = C:/Users/Argon/Desktop/Verilog/music_uart_player/uart_recv.v
Verilog design file = C:/Users/Argon/Desktop/Verilog/music_uart_player/uart_loop.v
Verilog design file = C:/Users/Argon/Desktop/Verilog/music_uart_player/beep.v
Verilog design file = C:/Users/Argon/Desktop/Verilog/music_uart_player/clock.v
NGD file = music_player_impl1.ngd
-sdc option: SDC file input not used.
-lpf option: Output file option is ON.
Hardtimer checking is enabled (default). The -dt option is not used.
The -r option is OFF. [ Remove LOC Properties is OFF. ]
Technology check ok...

Analyzing Verilog file C:/lscc/diamond/3.8_x64/ispfpga/userware/NT/SYNTHESIS_HEADERS/machxo2.v. VERI-1482
Compile design.
Compile Design Begin
Analyzing Verilog file c:/users/argon/desktop/verilog/music_uart_player/top.v. VERI-1482
    <postMsg mid="35901208" type="Warning" dynamic="2" navigation="2" arg0="c:/users/argon/desktop/verilog/music_uart_player/top.v(308): " arg1="1" arg2="c:/users/argon/desktop/verilog/music_uart_player/top.v" arg3="308"  />
    <postMsg mid="35901208" type="Warning" dynamic="2" navigation="2" arg0="c:/users/argon/desktop/verilog/music_uart_player/top.v(310): " arg1="1" arg2="c:/users/argon/desktop/verilog/music_uart_player/top.v" arg3="310"  />
    <postMsg mid="35901208" type="Warning" dynamic="2" navigation="2" arg0="c:/users/argon/desktop/verilog/music_uart_player/top.v(312): " arg1="1" arg2="c:/users/argon/desktop/verilog/music_uart_player/top.v" arg3="312"  />
    <postMsg mid="35901208" type="Warning" dynamic="2" navigation="2" arg0="c:/users/argon/desktop/verilog/music_uart_player/top.v(314): " arg1="1" arg2="c:/users/argon/desktop/verilog/music_uart_player/top.v" arg3="314"  />
Analyzing Verilog file c:/users/argon/desktop/verilog/music_uart_player/uart_send.v. VERI-1482
Analyzing Verilog file c:/users/argon/desktop/verilog/music_uart_player/uart_recv.v. VERI-1482
Analyzing Verilog file c:/users/argon/desktop/verilog/music_uart_player/uart_loop.v. VERI-1482
Analyzing Verilog file c:/users/argon/desktop/verilog/music_uart_player/beep.v. VERI-1482
Analyzing Verilog file c:/users/argon/desktop/verilog/music_uart_player/clock.v. VERI-1482
Analyzing Verilog file C:/lscc/diamond/3.8_x64/ispfpga/userware/NT/SYNTHESIS_HEADERS/machxo2.v. VERI-1482
Top module name (Verilog): top
    <postMsg mid="35901018" type="Info"    dynamic="2" navigation="2" arg0="c:/users/argon/desktop/verilog/music_uart_player/top.v(1): " arg1="top" arg2="c:/users/argon/desktop/verilog/music_uart_player/top.v" arg3="1"  />
    <postMsg mid="35901018" type="Info"    dynamic="2" navigation="2" arg0="c:/users/argon/desktop/verilog/music_uart_player/uart_recv.v(23): " arg1="uart_recv(CLK_FREQ=12000000,UART_BPS=115200)" arg2="c:/users/argon/desktop/verilog/music_uart_player/uart_recv.v" arg3="23"  />
    <postMsg mid="35901018" type="Info"    dynamic="2" navigation="2" arg0="c:/users/argon/desktop/verilog/music_uart_player/uart_send.v(23): " arg1="uart_send(CLK_FREQ=12000000,UART_BPS=115200)" arg2="c:/users/argon/desktop/verilog/music_uart_player/uart_send.v" arg3="23"  />
    <postMsg mid="35901018" type="Info"    dynamic="2" navigation="2" arg0="c:/users/argon/desktop/verilog/music_uart_player/uart_loop.v(23): " arg1="uart_loop" arg2="c:/users/argon/desktop/verilog/music_uart_player/uart_loop.v" arg3="23"  />
    <postMsg mid="35901018" type="Info"    dynamic="2" navigation="2" arg0="c:/users/argon/desktop/verilog/music_uart_player/beep.v(18): " arg1="Beeper" arg2="c:/users/argon/desktop/verilog/music_uart_player/beep.v" arg3="18"  />
    <postMsg mid="35901018" type="Info"    dynamic="2" navigation="2" arg0="c:/users/argon/desktop/verilog/music_uart_player/clock.v(1): " arg1="divide" arg2="c:/users/argon/desktop/verilog/music_uart_player/clock.v" arg3="1"  />
    <postMsg mid="35901209" type="Warning" dynamic="3" navigation="2" arg0="c:/users/argon/desktop/verilog/music_uart_player/top.v(145): " arg1="8" arg2="5" arg3="c:/users/argon/desktop/verilog/music_uart_player/top.v" arg4="145"  />
Last elaborated design is top()
Loading NGL library 'C:/lscc/diamond/3.8_x64/ispfpga/xo2c00a/data/xo2alib.ngl'...
Loading NGL library 'C:/lscc/diamond/3.8_x64/ispfpga/xo2c00/data/xo2clib.ngl'...
Loading NGL library 'C:/lscc/diamond/3.8_x64/ispfpga/mg5g00/data/mg5glib.ngl'...
Loading NGL library 'C:/lscc/diamond/3.8_x64/ispfpga/or5g00/data/orc5glib.ngl'...
Loading device for application map from file 'xo2c4000.nph' in environment: C:/lscc/diamond/3.8_x64/ispfpga.
Package Status:                     Final          Version 1.44.
Top-level module name = top.
    <postMsg mid="35935014" type="Warning" dynamic="2" navigation="2" arg0="c:/users/argon/desktop/verilog/music_uart_player/top.v(54): " arg1="\i475/note_0_0" arg2="c:/users/argon/desktop/verilog/music_uart_player/top.v" arg3="54"  />
    <postMsg mid="35935013" type="Warning" dynamic="2" navigation="2" arg0="c:/users/argon/desktop/verilog/music_uart_player/top.v(54): " arg1="\i475/note_0_1" arg2="c:/users/argon/desktop/verilog/music_uart_player/top.v" arg3="54"  />
    <postMsg mid="35931002" type="Warning" dynamic="2" navigation="2" arg0="c:/users/argon/desktop/verilog/music_uart_player/top.v(54): " arg1="\i475/note_96_0" arg2="c:/users/argon/desktop/verilog/music_uart_player/top.v" arg3="54"  />
######## Missing driver on net blink. Patching with GND.
######## Missing driver on net \i475/note_96_0. Patching with GND.
######## Missing driver on net \i475/note_96_1. Patching with GND.
######## Missing driver on net \i475/note_96_2. Patching with GND.
######## Missing driver on net \i475/note_96_3. Patching with GND.
######## Missing driver on net \i475/note_96_4. Patching with GND.
######## Missing driver on net \i475/note_96_5. Patching with GND.
######## Missing driver on net \i475/note_96_6. Patching with GND.
######## Missing driver on net \i475/note_96_7. Patching with GND.
######## Missing driver on net \i475/note_97_0. Patching with GND.
######## Missing driver on net \i475/note_97_1. Patching with GND.
######## Missing driver on net \i475/note_97_2. Patching with GND.
######## Missing driver on net \i475/note_97_3. Patching with GND.
######## Missing driver on net \i475/note_97_4. Patching with GND.
######## Missing driver on net \i475/note_97_5. Patching with GND.
######## Missing driver on net \i475/note_97_6. Patching with GND.
######## Missing driver on net \i475/note_97_7. Patching with GND.
######## Missing driver on net \i475/note_98_0. Patching with GND.
######## Missing driver on net \i475/note_98_1. Patching with GND.
######## Missing driver on net \i475/note_98_2. Patching with GND.
######## Missing driver on net \i475/note_98_3. Patching with GND.
######## Missing driver on net \i475/note_98_4. Patching with GND.
######## Missing driver on net \i475/note_98_5. Patching with GND.
######## Missing driver on net \i475/note_98_6. Patching with GND.
######## Missing driver on net \i475/note_98_7. Patching with GND.
######## Missing driver on net \i475/note_99_0. Patching with GND.
######## Missing driver on net \i475/note_99_1. Patching with GND.
######## Missing driver on net \i475/note_99_2. Patching with GND.
######## Missing driver on net \i475/note_99_3. Patching with GND.
######## Missing driver on net \i475/note_99_4. Patching with GND.
######## Missing driver on net \i475/note_99_5. Patching with GND.
######## Missing driver on net \i475/note_99_6. Patching with GND.
######## Missing driver on net \i475/note_99_7. Patching with GND.
######## Missing driver on net \i475/note_100_0. Patching with GND.
######## Missing driver on net \i475/note_100_1. Patching with GND.
######## Missing driver on net \i475/note_100_2. Patching with GND.
######## Missing driver on net \i475/note_100_3. Patching with GND.
######## Missing driver on net \i475/note_100_4. Patching with GND.
######## Missing driver on net \i475/note_100_5. Patching with GND.
######## Missing driver on net \i475/note_100_6. Patching with GND.
######## Missing driver on net \i475/note_100_7. Patching with GND.
    <postMsg mid="35001774" type="Info"    dynamic="2" navigation="0" arg0="\u_uart_recv/rx_cnt" arg1="one-hot"  />
State machine has 16 reachable states with original encodings of:

 0000 

 0001 

 0010 

 0011 

 0100 

 0101 

 0110 

 0111 

 1000 

 1001 

 1010 

 1011 

 1100 

 1101 

 1110 

 1111 

original encoding -> new encoding (one-hot encoding)

 0000 -> 0000000000000001

 0001 -> 0000000000000010

 0010 -> 0000000000000100

 0011 -> 0000000000001000

 0100 -> 0000000000010000

 0101 -> 0000000000100000

 0110 -> 0000000001000000

 0111 -> 0000000010000000

 1000 -> 0000000100000000

 1001 -> 0000001000000000

 1010 -> 0000010000000000

 1011 -> 0000100000000000

 1100 -> 0001000000000000

 1101 -> 0010000000000000

 1110 -> 0100000000000000

 1111 -> 1000000000000000

    <postMsg mid="35001774" type="Info"    dynamic="2" navigation="0" arg0="\u_uart_send/tx_cnt" arg1="one-hot"  />
State machine has 16 reachable states with original encodings of:

 0000 

 0001 

 0010 

 0011 

 0100 

 0101 

 0110 

 0111 

 1000 

 1001 

 1010 

 1011 

 1100 

 1101 

 1110 

 1111 

original encoding -> new encoding (one-hot encoding)

 0000 -> 0000000000000001

 0001 -> 0000000000000010

 0010 -> 0000000000000100

 0011 -> 0000000000001000

 0100 -> 0000000000010000

 0101 -> 0000000000100000

 0110 -> 0000000001000000

 0111 -> 0000000010000000

 1000 -> 0000000100000000

 1001 -> 0000001000000000

 1010 -> 0000010000000000

 1011 -> 0000100000000000

 1100 -> 0001000000000000

 1101 -> 0010000000000000

 1110 -> 0100000000000000

 1111 -> 1000000000000000




Found mux-orfb->fb :%sstate_i1_i5lay_i0_i14" arg2="c:/users/argon/desktop/verilog/music_uart_player/top.v" arg3="350"  />
    <postMsg mid="35935014" type="Warning" dynamic="2" navigation="2" arg0="c:/users/argon/desktop/verilog/music_uart_player/top.v(350): " arg1="music_delay_i0_i7" arg2="c:/users/argon/desktop/verilog/music_uart_player/top.v" arg3="350"  />
GSR instance connected to net sys_rst_n_c.
Duplicate register/latch removal. music_delay_i0_i8 is a one-to-one match with music_delay_i0_i5.
Applying 1.000000 MHz constraint to all clocks

    <postMsg mid="35001611" type="Warning" dynamic="0" navigation="0"  />
Results of NGD DRC are available in top_drc.log.
Loading NGL library 'C:/lscc/diamond/3.8_x64/ispfpga/xo2c00a/data/xo2alib.ngl'...
Loading NGL library 'C:/lscc/diamond/3.8_x64/ispfpga/xo2c00/data/xo2clib.ngl'...
Loading NGL library 'C:/lscc/diamond/3.8_x64/ispfpga/mg5g00/data/mg5glib.ngl'...
Loading NGL library 'C:/lscc/diamond/3.8_x64/ispfpga/or5g00/data/orc5glib.ngl'...


Running DRC...

DRC complete with no errors or warnings

Design Results:
    489 blocks expanded
completed the first expansion
All blocks are expanded and NGD expansion is successful.
Writing NGD file music_player_impl1.ngd.

################### Begin Area Report (top)######################
Number of register bits => 205 of 4635 (4 % )
CCU2D => 96
FD1P3AX => 27
FD1P3IX => 64
FD1P3JX => 4
FD1S3AX => 20
FD1S3IX => 90
GSR => 1
IB => 4
LUT4 => 169
OB => 3
PDPW8KC => 1
PFUMX => 3
ROM128X1A => 4
################### End Area Report ##################

################### Begin BlackBox Report ######################
TSALL => 1
################### End BlackBox Report ##################

################### Begin Clock Report ######################
Clock Nets
Number of Clocks: 2
  Net : sys_clk_c, loads : 160
  Net : divide_1ms/clk_p, loads : 47
Clock Enable Nets
Number of Clock Enables: 21
Top 10 highest fanout Clock Enables:
  Net : clk_p_enable_40, loads : 16
  Net : u_uart_recv/sys_clk_c_enable_48, loads : 16
  Net : u_uart_send/sys_clk_c_enable_47, loads : 16
  Net : sys_rst_n_c, loads : 10
  Net : clk_p_enable_38, loads : 9
  Net : clk_p_enable_36, loads : 9
  Net : u_uart_recv/sys_clk_c_enable_49, loads : 6
  Net : clk_p_enable_1, loads : 6
  Net : sys_clk_c_enable_46, loads : 4
  Net : clk_p_enable_29, loads : 3
Highest fanout non-clock nets
Top 10 highest fanout non-clock nets:
  Net : divide_1ms/n2941, loads : 32
  Net : u_uart_recv/n1913, loads : 24
  Net : m_beep/n1378, loads : 18
  Net : u_uart_send/n4945, loads : 17
  Net : cnt_run_1, loads : 16
  Net : clk_p_enable_40, loads : 16
  Net : n2946, loads : 16
  Net : u_uart_recv/n2937, loads : 16
  Net : u_uart_recv/sys_clk_c_enable_48, loads : 16
  Net : u_uart_send/n2944, loads : 16
################### End Clock Report ##################

Timing Report Summary
--------------
--------------------------------------------------------------------------------
Constraint                              |   Constraint|       Actual|Levels
--------------------------------------------------------------------------------
                                        |             |             |
create_clock -period 1000.000000 -name  |             |             |
clk1 [get_nets clk_p]                   |    1.000 MHz|   92.653 MHz|     6  
                                        |             |             |
create_clock -period 1000.000000 -name  |             |             |
clk0 [get_nets sys_clk_c]               |    1.000 MHz|   96.805 MHz|     6  
                                        |             |             |
--------------------------------------------------------------------------------


All constraints were met.


Peak Memory Usage: 66.500  MB

--------------------------------------------------------------
Elapsed CPU time for LSE flow : 0.984  secs
--------------------------------------------------------------

map -a "MachXO2" -p LCMXO2-4000HC -t CSBGA132 -s 4 -oc Commercial   "music_player_impl1.ngd" -o "music_player_impl1_map.ncd" -pr "music_player_impl1.prf" -mp "music_player_impl1.mrp" -lpf "C:/Users/Argon/Desktop/Verilog/music_uart_player/impl1/music_player_impl1.lpf" -lpf "C:/Users/Argon/Desktop/Verilog/music_uart_player/music_player.lpf" -c 0            
map:  version Diamond (64-bit) 3.8.0.115.3

Copyright (c) 1991-1994 by NeoCAD Inc. All rights reserved.
Copyright (c) 1995 AT&T Corp.   All rights reserved.
Copyright (c) 1995-2001 Lucent Technologies Inc.  All rights reserved.
Copyright (c) 2001 Agere Systems   All rights reserved.
Copyright (c) 2002-2016 Lattice Semiconductor Corporation,  All rights reserved.
   Process the file: music_player_impl1.ngd
   Picdevice="LCMXO2-4000HC"

   Pictype="CSBGA132"

   Picspeed=4

   Remove unused logic

   Do not produce over sized NCDs.

Part used: LCMXO2-4000HCCSBGA132, Performance used: 4.

Loading device for application map from file 'xo2c4000.nph' in environment: C:/lscc/diamond/3.8_x64/ispfpga.
Package Status:                     Final          Version 1.44.

Running general design DRC...

Removing unused logic...

Optimizing...

    <postMsg mid="51001051" type="Warning" dynamic="1" navigation="0" arg0="m_beep/tone_4__I_0"  />



Design Summary:
   Number of registers:    205 out of  4635 (4%)
      PFU registers:          205 out of  4320 (5%)
      PIO registers:            0 out of   315 (0%)
   Number of SLICEs:       201 out of  2160 (9%)
      SLICEs as Logic/ROM:    201 out of  2160 (9%)
      SLICEs as RAM:            0 out of  1620 (0%)
      SLICEs as Carry:         96 out of  2160 (4%)
   Number of LUT4s:        395 out of  4320 (9%)
      Number used as logic LUTs:        203
      Number used as distributed RAM:     0
      Number used as ripple logic:      192
      Number used as shift registers:     0
   Number of PIO sites used: 7 + 4(JTAG) out of 105 (10%)
   Number of block RAMs:  1 out of 10 (10%)
   Number of GSRs:  1 out of 1 (100%)
   EFB used :       No
   JTAG used :      No
   Readback used :  No
   Oscillator used :  No
   Startup used :   No
   POR :            On
   Bandgap :        On
   Number of Power Controller:  0 out of 1 (0%)
   Number of Dynamic Bank Controller (BCINRD):  0 out of 6 (0%)
   Number of Dynamic Bank Controller (BCLVDSO):  0 out of 1 (0%)
   Number of DCCA:  0 out of 8 (0%)
   Number of DCMA:  0 out of 2 (0%)
   Number of PLLs:  0 out of 2 (0%)
   Number of DQSDLLs:  0 out of 2 (0%)
   Number of CLKDIVC:  0 out of 4 (0%)
   Number of ECLKSYNCA:  0 out of 4 (0%)
   Number of ECLKBRIDGECS:  0 out of 2 (0%)
   Notes:-
      1. Total number of LUT4s = (Number of logic LUT4s) + 2*(Number of distributed RAMs) + 2*(Number of ripple logic)
      2. Number of logic LUT4s does not include count of distributed RAM and ripple logic.
   Number of clocks:  2
     Net divide_1ms/clk_p: 31 loads, 31 rising, 0 falling (Driver: divide_1ms/clk_p_35 )
     Net sys_clk_c: 90 loads, 90 rising, 0 falling (Driver: PIO sys_clk )
   Number of Clock Enables:  21
     Net clk_p_enable_1: 1 loads, 1 LSLICEs
     Net clk_p_enable_29: 2 loads, 2 LSLICEs
     Net clk_p_enable_28: 2 loads, 2 LSLICEs
     Net sys_rst_n_c: 4 loads, 3 LSLICEs
     Net clk_p_enable_40: 9 loads, 9 LSLICEs
     Net clk_p_enable_36: 1 loads, 1 LSLICEs
     Net clk_p_enable_15: 1 loads, 1 LSLICEs
     Net clk_p_enable_16: 1 loads, 1 LSLICEs
     Net clk_p_enable_17: 1 loads, 1 LSLICEs
     Net clk_p_enable_18: 1 loads, 1 LSLICEs
     Net clk_p_enable_19: 1 loads, 1 LSLICEs
     Net clk_p_enable_20: 1 loads, 1 LSLICEs
     Net sys_clk_c_enable_46: 4 loads, 4 LSLICEs
     Net clk_p_enable_38: 5 loads, 5 LSLICEs
     Net sys_clk_c_enable_50: 1 loads, 1 LSLICEs
     Net clk_p_enable_32: 1 loads, 1 LSLICEs
     Net u_uart_recv/sys_clk_c_enable_49: 4 loads, 4 LSLICEs
     Net u_uart_recv/sys_clk_c_enable_8: 2 loads, 2 LSLICEs
     Net u_uart_recv/sys_clk_c_enable_48: 8 loads, 8 LSLICEs
     Net u_uart_send/sys_clk_c_enable_47: 8 loads, 8 LSLICEs
     Net u_uart_send/sys_clk_c_enable_39: 1 loads, 1 LSLICEs
   Number of LSRs:  10
     Net n2946: 9 loads, 9 LSLICEs
     Net n2961: 5 loads, 5 LSLICEs
     Net n4696: 1 loads, 1 LSLICEs
     Net uart_tx_busy: 9 loads, 9 LSLICEs
     Net u_uart_recv/n2937: 9 loads, 9 LSLICEs
     Net u_uart_recv/rx_flag: 14 loads, 14 LSLICEs
     Net u_uart_recv/uart_data_7__N_198: 4 loads, 4 LSLICEs
     Net u_uart_send/n2944: 9 loads, 9 LSLICEs
     Net divide_1ms/n2941: 17 loads, 17 LSLICEs
     Net m_beep/n1378: 10 loads, 10 LSLICEs
   Number of nets driven by tri-state buffers:  0
   Top 10 highest fanout non-clock nets:
     Net music_cnt_2: 32 loads
     Net music_cnt_1: 31 loads
     Net music_cnt_5: 30 loads
     Net music_cnt_3: 25 loads
     Net music_cnt_6: 22 loads
     Net divide_1ms/n2941: 17 loads
     Net u_uart_recv/rx_flag: 17 loads
     Net cnt_run_1: 16 loads
     Net uart_tx_busy: 13 loads
     Net recv_done_d0: 11 loads
 

   Number of warnings:  1
   Number of errors:    0



Total CPU Time: 0 secs  
Total REAL Time: 0 secs  
Peak Memory Usage: 51 MB

Dumping design to file music_player_impl1_map.ncd.

ncd2vdb "music_player_impl1_map.ncd" ".vdbs/music_player_impl1_map.vdb"

Loading device for application ncd2vdb from file 'xo2c4000.nph' in environment: C:/lscc/diamond/3.8_x64/ispfpga.

mpartrce -p "music_player_impl1.p2t" -f "music_player_impl1.p3t" -tf "music_player_impl1.pt" "music_player_impl1_map.ncd" "music_player_impl1.ncd"

---- MParTrce Tool ----
Removing old design directory at request of -rem command line option to this program.
Running par. Please wait . . .

Lattice Place and Route Report for Design "music_player_impl1_map.ncd"
Sun Feb 21 00:23:49 2021

PAR: Place And Route Diamond (64-bit) 3.8.0.115.3.
Command Line: par -w -l 5 -i 6 -t 1 -c 0 -e 0 -gui -exp parUseNBR=1:parCDP=0:parCDR=0:parPathBased=OFF music_player_impl1_map.ncd music_player_impl1.dir/5_1.ncd music_player_impl1.prf
Preference file: music_player_impl1.prf.
Placement level-cost: 5-1.
Routing Iterations: 6

Loading design for application par from file music_player_impl1_map.ncd.
Design name: top
NCD version: 3.3
Vendor:      LATTICE
Device:      LCMXO2-4000HC
Package:     CSBGA132
Performance: 4
Loading device for application par from file 'xo2c4000.nph' in environment: C:/lscc/diamond/3.8_x64/ispfpga.
Package Status:                     Final          Version 1.44.
Performance Hardware Data Status:   Final          Version 34.4.
License checked out.


Ignore Preference Error(s):  True
Device utilization summary:

   PIO (prelim)    7+4(JTAG)/280     4% used
                   7+4(JTAG)/105     10% bonded

   SLICE            201/2160          9% used

   GSR                1/1           100% used
   EBR                1/10           10% used


INFO: Design contains EBR with ASYNC Reset Mode that has a limitation: The use of the EBR block asynchronous reset requires that certain timing be met between the clock and the reset within the memory block. See the device specific data sheet for additional details.
INFO: Design contains pre-loadable EBR during configuration that has a requirement: Since the GSR is disabled for the EBR, make sure write enable and chip enable are inactive during wake-up, so that the pre-loaded initialization values will not be corrupted during wake-up state.
Number of Signals: 644
Number of Connections: 1497

Pin Constraint Summary:
   7 out of 7 pins locked (100% locked).

The following 2 signals are selected to use the primary clock routing resources:
    sys_clk_c (driver: sys_clk, clk load #: 90)
    divide_1ms/clk_p (driver: divide_1ms/SLICE_74, clk load #: 31)

    <postMsg mid="61061008" type="Warning" dynamic="5" navigation="0" arg0="sys_clk_c" arg1="Primary" arg2="sys_clk" arg3="C1" arg4="Primary"  />

The following 3 signals are selected to use the secondary clock routing resources:
    divide_1ms/n2941 (driver: divide_1ms/SLICE_212, clk load #: 0, sr load #: 17, ce load #: 0)
    u_uart_recv/rx_flag (driver: u_uart_recv/SLICE_123, clk load #: 0, sr load #: 14, ce load #: 0)
    m_beep/n1378 (driver: SLICE_152, clk load #: 0, sr load #: 10, ce load #: 0)

Signal sys_rst_n_c is selected as Global Set/Reset.
Starting Placer Phase 0.
...........
Finished Placer Phase 0.  REAL time: 0 secs 

Starting Placer Phase 1.
.....................
Placer score = 61024.
Finished Placer Phase 1.  REAL time: 2 secs 

Starting Placer Phase 2.
.
Placer score =  60865
Finished Placer Phase 2.  REAL time: 2 secs 


------------------ Clock Report ------------------

Global Clock Resources:
  CLK_PIN    : 0 out of 8 (0%)
  General PIO: 1 out of 280 (0%)
  PLL        : 0 out of 2 (0%)
  DCM        : 0 out of 2 (0%)
  DCC        : 0 out of 8 (0%)

Quadrants All (TL, TR, BL, BR) - Global Clocks:
  PRIMARY "sys_clk_c" from comp "sys_clk" on PIO site "C1 (PL4A)", clk load = 90
  PRIMARY "divide_1ms/clk_p" from Q1 on comp "divide_1ms/SLICE_74" on site "R3C16B", clk load = 31
  SECONDARY "divide_1ms/n2941" from F0 on comp "divide_1ms/SLICE_212" on site "R12C15D", clk load = 0, ce load = 0, sr load = 17
  SECONDARY "u_uart_recv/rx_flag" from Q0 on comp "u_uart_recv/SLICE_123" on site "R12C15C", clk load = 0, ce load = 0, sr load = 14
  SECONDARY "m_beep/n1378" from F1 on comp "SLICE_152" on site "R12C17A", clk load = 0, ce load = 0, sr load = 10

  PRIMARY  : 2 out of 8 (25%)
  SECONDARY: 3 out of 8 (37%)

Edge Clocks:
  No edge clock selected.

--------------- End of Clock Report ---------------


I/O Usage Summary (final):
   7 + 4(JTAG) out of 280 (3.9%) PIO sites used.
   7 + 4(JTAG) out of 105 (10.5%) bonded PIO sites used.
   Number of PIO comps: 7; differential: 0.
   Number of Vref pins used: 0.

I/O Bank Usage Summary:
+----------+---------------+------------+-----------+
| I/O Bank | Usage         | Bank Vccio | Bank Vref |
+----------+---------------+------------+-----------+
| 0        | 2 / 26 (  7%) | 2.5V       | -         |
| 1        | 2 / 26 (  7%) | 2.5V       | -         |
| 2        | 2 / 28 (  7%) | 2.5V       | -         |
| 3        | 0 / 7 (  0%)  | -          | -         |
| 4        | 0 / 8 (  0%)  | -          | -         |
| 5        | 1 / 10 ( 10%) | 2.5V       | -         |
+----------+---------------+------------+-----------+

Total placer CPU time: 1 secs 

Dumping design to file music_player_impl1.dir/5_1.ncd.


-----------------------------------------------------------------
INFO - par: ASE feature is off due to non timing-driven settings.  
-----------------------------------------------------------------

0 connections routed; 1497 unrouted.
Starting router resource preassignment

Completed router resource preassignment. Real time: 3 secs 

Start NBR router at 00:23:52 02/21/21

*****************************************************************
Info: NBR allows conflicts(one node used by more than one signal)
      in the earlier iterations. In each iteration, it tries to  
      solve the conflicts while keeping the critical connections 
      routed as short as possible. The routing process is said to
      be completed when no conflicts exist and all connections   
      are routed.                                                
Note: NBR uses a different method to calculate timing slacks. The
      worst slack and total negative slack may not be the same as
      that in TRCE report. You should always run TRCE to verify  
      your design.                                               
*****************************************************************

Start NBR special constraint process at 00:23:52 02/21/21

Start NBR section for initial routing at 00:23:52 02/21/21
Level 4, iteration 1
46(0.02%) conflicts; 0(0.00%) untouched conn; 0 (nbr) score; real time: 3 secs 

Info: Initial congestion level at 75% usage is 0
Info: Initial congestion area  at 75% usage is 0 (0.00%)

Start NBR section for normal routing at 00:23:52 02/21/21
Level 4, iteration 1
20(0.01%) conflicts; 0(0.00%) untouched conn; 0 (nbr) score; real time: 3 secs 
Level 4, iteration 2
6(0.00%) conflicts; 0(0.00%) untouched conn; 0 (nbr) score; real time: 3 secs 
Level 4, iteration 3
1(0.00%) conflict; 0(0.00%) untouched conn; 0 (nbr) score; real time: 3 secs 
Level 4, iteration 4
0(0.00%) conflict; 0(0.00%) untouched conn; 0 (nbr) score; real time: 3 secs 

Start NBR section for re-routing at 00:23:52 02/21/21
Level 4, iteration 1
0(0.00%) conflict; 0(0.00%) untouched conn; 0 (nbr) score; real time: 3 secs 

Start NBR section for post-routing at 00:23:52 02/21/21

End NBR router with 0 unrouted connection

NBR Summary
-----------
  Number of unrouted connections : 0 (0.00%)
  Number of connections with timing violations : 0 (0.00%)
  Estimated worst slack<setup> : <n/a>
  Timing score<setup> : 0
-----------
Notes: The timing info is calculated for SETUP only and all PAR_ADJs are ignored.



Total CPU time 2 secs 
Total REAL time: 3 secs 
Completely routed.
End of route.  1497 routed (100.00%); 0 unrouted.

Hold time timing score: 0, hold timing errors: 0

Timing score: 0 

Dumping design to file music_player_impl1.dir/5_1.ncd.


PAR_SUMMARY::Run status = completed
PAR_SUMMARY::Number of unrouted conns = 0
PAR_SUMMARY::Worst  slack<setup/<ns>> = <n/a>
PAR_SUMMARY::Timing score<setup/<ns>> = <n/a>
PAR_SUMMARY::Worst  slack<hold /<ns>> = <n/a>
PAR_SUMMARY::Timing score<hold /<ns>> = <n/a>
PAR_SUMMARY::Number of errors = 0

Total CPU  time to completion: 2 secs 
Total REAL time to completion: 3 secs 

par done!

Copyright (c) 1991-1994 by NeoCAD Inc. All rights reserved.
Copyright (c) 1995 AT&T Corp.   All rights reserved.
Copyright (c) 1995-2001 Lucent Technologies Inc.  All rights reserved.
Copyright (c) 2001 Agere Systems   All rights reserved.
Copyright (c) 2002-2016 Lattice Semiconductor Corporation,  All rights reserved.
Exiting par with exit code 0
Exiting mpartrce with exit code 0

bitgen -f "music_player_impl1.t2b" -w "music_player_impl1.ncd" -jedec "music_player_impl1.prf"


BITGEN: Bitstream Generator Diamond (64-bit) 3.8.0.115.3
Copyright (c) 1991-1994 by NeoCAD Inc. All rights reserved.
Copyright (c) 1995 AT&T Corp.   All rights reserved.
Copyright (c) 1995-2001 Lucent Technologies Inc.  All rights reserved.
Copyright (c) 2001 Agere Systems   All rights reserved.
Copyright (c) 2002-2016 Lattice Semiconductor Corporation,  All rights reserved.


Loading design for application Bitgen from file music_player_impl1.ncd.
Design name: top
NCD version: 3.3
Vendor:      LATTICE
Device:      LCMXO2-4000HC
Package:     CSBGA132
Performance: 4
Loading device for application Bitgen from file 'xo2c4000.nph' in environment: C:/lscc/diamond/3.8_x64/ispfpga.
Package Status:                     Final          Version 1.44.
Performance Hardware Data Status:   Final          Version 34.4.

Running DRC.
INFO: Design contains EBR with ASYNC Reset Mode that has a limitation: The use of the EBR block asynchronous reset requires that certain timing be met between the clock and the reset within the memory block. See the device specific data sheet for additional details.
INFO: Design contains pre-loadable EBR during configuration that has a requirement: Since the GSR is disabled for the EBR, make sure write enable and chip enable are inactive during wake-up, so that the pre-loaded initialization values will not be corrupted during wake-up state.
DRC detected 0 errors and 0 warnings.
Reading Preference File from music_player_impl1.prf.

Preference Summary:
+---------------------------------+---------------------------------+
|  Preference                     |  Current Setting                |
+---------------------------------+---------------------------------+
|                         RamCfg  |                        Reset**  |
+---------------------------------+---------------------------------+
|                     MCCLK_FREQ  |                         2.08**  |
+---------------------------------+---------------------------------+
|                  CONFIG_SECURE  |                          OFF**  |
+---------------------------------+---------------------------------+
|                      JTAG_PORT  |                       ENABLE**  |
+---------------------------------+---------------------------------+
|                       SDM_PORT  |                      DISABLE**  |
+---------------------------------+---------------------------------+
|                 SLAVE_SPI_PORT  |                      DISABLE**  |
+---------------------------------+---------------------------------+
|                MASTER_SPI_PORT  |                      DISABLE**  |
+---------------------------------+---------------------------------+
|                       I2C_PORT  |                      DISABLE**  |
+---------------------------------+---------------------------------+
|        MUX_CONFIGURATION_PORTS  |                      DISABLE**  |
+---------------------------------+---------------------------------+
|                  CONFIGURATION  |                          CFG**  |
+---------------------------------+---------------------------------+
|                COMPRESS_CONFIG  |                           ON**  |
+---------------------------------+---------------------------------+
|                        MY_ASSP  |                          OFF**  |
+---------------------------------+---------------------------------+
|               ONE_TIME_PROGRAM  |                          OFF**  |
+---------------------------------+---------------------------------+
|                 ENABLE_TRANSFR  |                      DISABLE**  |
+---------------------------------+---------------------------------+
|                  SHAREDEBRINIT  |                      DISABLE**  |
+---------------------------------+---------------------------------+
|            BACKGROUND_RECONFIG  |                          OFF**  |
+---------------------------------+---------------------------------+
 *  Default setting.
 ** The specified setting matches the default setting.


Creating bit map...
 
Bitstream Status: Final           Version 1.92.
 
Saving bit stream in "music_player_impl1.jed".
 
===========
UFM Summary.
===========
UFM Size:        767 Pages (128*767 Bits).
UFM Utilization: General Purpose Flash Memory.
 
Available General Purpose Flash Memory:  767 Pages (Page 0 to Page 766).
Initialized UFM Pages:                     0 Page.
 
